[2026-03-08 05:26:29] local.INFO: Time calculation {"attempt_id":10,"started_at":"2026-03-08 10:56:21","completed_at":"2026-03-08 05:26:29","time_taken":19791.147718} 
[2026-03-08 05:26:29] local.INFO: Leaderboard update needed for user: 1  
[2026-03-08 05:26:29] local.INFO: Achievement check needed for user: 1  
[2026-03-09 09:27:25] local.ERROR: rename(D:\laravel-quiz-app\bootstrap\cache\pacF714.tmp,D:\laravel-quiz-app\bootstrap\cache\packages.php): Access is denied (code: 5) {"exception":"[object] (ErrorException(code: 0): rename(D:\\laravel-quiz-app\\bootstrap\\cache\\pacF714.tmp,D:\\laravel-quiz-app\\bootstrap\\cache\\packages.php): Access is denied (code: 5) at D:/laravel-quiz-app/vendor/laravel/framework/src/Illuminate/Filesystem/Filesystem.php:233)
[stacktrace]
#0 D:/laravel-quiz-app/vendor/laravel/framework/src/Illuminate/Foundation/Bootstrap/HandleExceptions.php(258): Illuminate/Foundation/Bootstrap/HandleExceptions->handleError(2, 'rename(D://larav...', 'D://laravel-quiz...', 233)
#1 [internal function]: Illuminate/Foundation/Bootstrap/HandleExceptions->Illuminate/Foundation/Bootstrap/{closure}(2, 'rename(D://larav...', 'D://laravel-quiz...', 233)
#2 D:/laravel-quiz-app/vendor/laravel/framework/src/Illuminate/Filesystem/Filesystem.php(233): rename('D://laravel-quiz...', 'D://laravel-quiz...')
#3 D:/laravel-quiz-app/vendor/laravel/framework/src/Illuminate/Foundation/PackageManifest.php(182): Illuminate/Filesystem/Filesystem->replace('D://laravel-quiz...', '<?php return ar...')
#4 D:/laravel-quiz-app/vendor/laravel/framework/src/Illuminate/Foundation/PackageManifest.php(132): Illuminate/Foundation/PackageManifest->write(Array)
#5 D:/laravel-quiz-app/vendor/laravel/framework/src/Illuminate/Foundation/PackageManifest.php(108): Illuminate/Foundation/PackageManifest->build()
#6 D:/laravel-quiz-app/vendor/laravel/framework/src/Illuminate/Foundation/PackageManifest.php(90): Illuminate/Foundation/PackageManifest->getManifest()
#7 D:/laravel-quiz-app/vendor/laravel/framework/src/Illuminate/Foundation/PackageManifest.php(79): Illuminate/Foundation/PackageManifest->config('aliases')
#8 D:/laravel-quiz-app/vendor/laravel/framework/src/Illuminate/Foundation/Bootstrap/RegisterFacades.php(26): Illuminate/Foundation/PackageManifest->aliases()
#9 D:/laravel-quiz-app/vendor/laravel/framework/src/Illuminate/Foundation/Application.php(342): Illuminate/Foundation/Bootstrap/RegisterFacades->bootstrap(Object(Illuminate/Foundation/Application))
#10 D:/laravel-quiz-app/vendor/laravel/framework/src/Illuminate/Foundation/Console/Kernel.php(494): Illuminate/Foundation/Application->bootstrapWith(Array)
#11 D:/laravel-quiz-app/vendor/laravel/framework/src/Illuminate/Foundation/Console/Kernel.php(196): Illuminate/Foundation/Console/Kernel->bootstrap()
#12 Command line code(1): Illuminate/Foundation/Console/Kernel->handle(Object(Symfony/Component/Console/Input/ArgvInput), Object(Symfony/Component/Console/Output/ConsoleOutput))
#13 {main}
"} 
[2026-03-09 09:27:25] local.ERROR: rename(D:\laravel-quiz-app\bootstrap\cache\serF744.tmp,D:\laravel-quiz-app\bootstrap\cache/services.php): Access is denied (code: 5) {"exception":"[object] (ErrorException(code: 0): rename(D:\\laravel-quiz-app\\bootstrap\\cache\\serF744.tmp,D:\\laravel-quiz-app\\bootstrap\\cache/services.php): Access is denied (code: 5) at D:/laravel-quiz-app/vendor/laravel/framework/src/Illuminate/Filesystem/Filesystem.php:233)
[stacktrace]
#0 D:/laravel-quiz-app/vendor/laravel/framework/src/Illuminate/Foundation/Bootstrap/HandleExceptions.php(258): Illuminate/Foundation/Bootstrap/HandleExceptions->handleError(2, 'rename(D://larav...', 'D://laravel-quiz...', 233)
#1 [internal function]: Illuminate/Foundation/Bootstrap/HandleExceptions->Illuminate/Foundation/Bootstrap/{closure}(2, 'rename(D://larav...', 'D://laravel-quiz...', 233)
#2 D:/laravel-quiz-app/vendor/laravel/framework/src/Illuminate/Filesystem/Filesystem.php(233): rename('D://laravel-quiz...', 'D://laravel-quiz...')
#3 D:/laravel-quiz-app/vendor/laravel/framework/src/Illuminate/Foundation/ProviderRepository.php(190): Illuminate/Filesystem/Filesystem->replace('D://laravel-quiz...', '<?php return ar...')
#4 D:/laravel-quiz-app/vendor/laravel/framework/src/Illuminate/Foundation/ProviderRepository.php(162): Illuminate/Foundation/ProviderRepository->writeManifest(Array)
#5 D:/laravel-quiz-app/vendor/laravel/framework/src/Illuminate/Foundation/ProviderRepository.php(60): Illuminate/Foundation/ProviderRepository->compileManifest(Array)
#6 D:/laravel-quiz-app/vendor/laravel/framework/src/Illuminate/Foundation/Application.php(871): Illuminate/Foundation/ProviderRepository->load(Array)
#7 D:/laravel-quiz-app/vendor/laravel/framework/src/Illuminate/Foundation/Bootstrap/RegisterProviders.php(37): Illuminate/Foundation/Application->registerConfiguredProviders()
#8 D:/laravel-quiz-app/vendor/laravel/framework/src/Illuminate/Foundation/Application.php(342): Illuminate/Foundation/Bootstrap/RegisterProviders->bootstrap(Object(Illuminate/Foundation/Application))
#9 D:/laravel-quiz-app/vendor/laravel/framework/src/Illuminate/Foundation/Console/Kernel.php(494): Illuminate/Foundation/Application->bootstrapWith(Array)
#10 D:/laravel-quiz-app/vendor/laravel/framework/src/Illuminate/Foundation/Console/Kernel.php(196): Illuminate/Foundation/Console/Kernel->bootstrap()
#11 Command line code(1): Illuminate/Foundation/Console/Kernel->handle(Object(Symfony/Component/Console/Input/ArgvInput), Object(Symfony/Component/Console/Output/ConsoleOutput))
#12 {main}
"} 
[2026-03-09 09:27:25] local.ERROR: rename(D:\laravel-quiz-app\bootstrap\cache\serF749.tmp,D:\laravel-quiz-app\bootstrap\cache/services.php): Access is denied (code: 5) {"exception":"[object] (ErrorException(code: 0): rename(D:\\laravel-quiz-app\\bootstrap\\cache\\serF749.tmp,D:\\laravel-quiz-app\\bootstrap\\cache/services.php): Access is denied (code: 5) at D:/laravel-quiz-app/vendor/laravel/framework/src/Illuminate/Filesystem/Filesystem.php:233)
[stacktrace]
#0 D:/laravel-quiz-app/vendor/laravel/framework/src/Illuminate/Foundation/Bootstrap/HandleExceptions.php(258): Illuminate/Foundation/Bootstrap/HandleExceptions->handleError(2, 'rename(D://larav...', 'D://laravel-quiz...', 233)
#1 [internal function]: Illuminate/Foundation/Bootstrap/HandleExceptions->Illuminate/Foundation/Bootstrap/{closure}(2, 'rename(D://larav...', 'D://laravel-quiz...', 233)
#2 D:/laravel-quiz-app/vendor/laravel/framework/src/Illuminate/Filesystem/Filesystem.php(233): rename('D://laravel-quiz...', 'D://laravel-quiz...')
#3 D:/laravel-quiz-app/vendor/laravel/framework/src/Illuminate/Foundation/ProviderRepository.php(190): Illuminate/Filesystem/Filesystem->replace('D://laravel-quiz...', '<?php return ar...')
#4 D:/laravel-quiz-app/vendor/laravel/framework/src/Illuminate/Foundation/ProviderRepository.php(162): Illuminate/Foundation/ProviderRepository->writeManifest(Array)
#5 D:/laravel-quiz-app/vendor/laravel/framework/src/Illuminate/Foundation/ProviderRepository.php(60): Illuminate/Foundation/ProviderRepository->compileManifest(Array)
#6 D:/laravel-quiz-app/vendor/laravel/framework/src/Illuminate/Foundation/Application.php(871): Illuminate/Foundation/ProviderRepository->load(Array)
#7 D:/laravel-quiz-app/vendor/laravel/framework/src/Illuminate/Foundation/Bootstrap/RegisterProviders.php(37): Illuminate/Foundation/Application->registerConfiguredProviders()
#8 D:/laravel-quiz-app/vendor/laravel/framework/src/Illuminate/Foundation/Application.php(342): Illuminate/Foundation/Bootstrap/RegisterProviders->bootstrap(Object(Illuminate/Foundation/Application))
#9 D:/laravel-quiz-app/vendor/laravel/framework/src/Illuminate/Foundation/Console/Kernel.php(494): Illuminate/Foundation/Application->bootstrapWith(Array)
#10 D:/laravel-quiz-app/vendor/laravel/framework/src/Illuminate/Foundation/Console/Kernel.php(196): Illuminate/Foundation/Console/Kernel->bootstrap()
#11 Command line code(1): Illuminate/Foundation/Console/Kernel->handle(Object(Symfony/Component/Console/Input/ArgvInput), Object(Symfony/Component/Console/Output/ConsoleOutput))
#12 {main}
"} 
[2026-03-09 10:22:47] local.INFO: Leaderboard update needed for user: 2  
[2026-03-09 10:22:47] local.INFO: Achievement check needed for user: 2  
[2026-03-09 10:23:27] local.INFO: Leaderboard update needed for user: 2  
[2026-03-09 10:23:27] local.INFO: Achievement check needed for user: 2  
[2026-03-09 10:35:10] local.INFO: Leaderboard update needed for user: 2  
[2026-03-09 10:35:10] local.INFO: Achievement check needed for user: 2  
[2026-03-09 10:35:34] local.INFO: Leaderboard update needed for user: 2  
[2026-03-09 10:35:34] local.INFO: Achievement check needed for user: 2  
[2026-03-09 10:35:43] local.INFO: Leaderboard update needed for user: 2  
[2026-03-09 10:35:43] local.INFO: Achievement check needed for user: 2  
[2026-03-09 10:36:11] local.INFO: Leaderboard update needed for user: 2  
[2026-03-09 10:36:11] local.INFO: Achievement check needed for user: 2  
[2026-03-09 10:36:33] local.INFO: Leaderboard update needed for user: 2  
[2026-03-09 10:36:33] local.INFO: Achievement check needed for user: 2  
[2026-03-09 10:36:41] local.INFO: Leaderboard update needed for user: 2  
[2026-03-09 10:36:41] local.INFO: Achievement check needed for user: 2  
[2026-03-09 10:36:50] local.INFO: Leaderboard update needed for user: 2  
[2026-03-09 10:36:50] local.INFO: Achievement check needed for user: 2  
[2026-03-09 10:45:12] local.INFO: Leaderboard update needed for user: 2  
[2026-03-09 10:45:12] local.INFO: Achievement check needed for user: 2  
[2026-03-09 10:57:03] local.INFO: Leaderboard update needed for user: 2  
[2026-03-09 10:57:03] local.INFO: Achievement check needed for user: 2  
[2026-03-09 10:57:30] local.INFO: Leaderboard update needed for user: 2  
[2026-03-09 10:57:30] local.INFO: Achievement check needed for user: 2  
[2026-03-09 11:03:18] local.INFO: Leaderboard update needed for user: 2  
[2026-03-09 11:03:18] local.INFO: Achievement check needed for user: 2  
